XML Access Request sent at Wed Apr 10 16:20:37 CDT 2013
<?xml version="1.0" encoding="UTF-8"?>
<request create-oids="true" type="update" xmlns:xsi="http://www.w3.org/2001/XMLSchema-instance" xsi:noNamespaceSchemaLocation="PortalConfig_7.0.0.xsd">
  <portal action="locate">
    <web-app action="delete" uid="com.alpine.filemanager.FileManagerPortlet.60bd23ef23.webmod"/>
  </portal>
</request>

XML Access Response received at Wed Apr 10 16:20:37 CDT 2013
<?xml version="1.0" encoding="UTF-8"?>
<request build="wp800CF02_001_30" type="update" version="8.0.0.0" xmlns:xsi="http://www.w3.org/2001/XMLSchema-instance" xsi:noNamespaceSchemaLocation="PortalConfig_8.0.0.xsd">
      <status element="[web-app uid=com.alpine.filemanager.FileManagerPortlet.60bd23ef23.webmod]" result="warning">
            <message id="EJPXA0053W">EJPXA0053W: The resource could not be found for deletion, possibly because it was already deleted.</message>

    </status>

      <status element="all" result="ok"/>

</request>

XML Access Request sent at Wed Apr 10 16:20:37 CDT 2013
<?xml version="1.0" encoding="UTF-8"?>
<request create-oids="true" type="update" xmlns:xsi="http://www.w3.org/2001/XMLSchema-instance" xsi:noNamespaceSchemaLocation="PortalConfig_8.0.0.xsd">
  <portal action="locate">
    <content-node action="delete" uniquename="ibm.portal.rational.portlets.FileManager.ffe963f7292b92530d4b86944c160454"/>
  </portal>
</request>

XML Access Response received at Wed Apr 10 16:20:38 CDT 2013
<?xml version="1.0" encoding="UTF-8"?>
<request build="wp800CF02_001_30" type="update" version="8.0.0.0" xmlns:xsi="http://www.w3.org/2001/XMLSchema-instance" xsi:noNamespaceSchemaLocation="PortalConfig_8.0.0.xsd">
      <status element="all" result="ok"/>

</request>

